This file contains any messages produced by compilers while
running configure, to aid debugging if configure makes a mistake.

It was created by hare-and-puma configure 0.1, which was
generated by GNU Autoconf 2.68.  Invocation command line was

  $ ./configure 

## --------- ##
## Platform. ##
## --------- ##

hostname = poopcannon
uname -m = i686
uname -r = 3.5.3-1.fc17.i686
uname -s = Linux
uname -v = #1 SMP Wed Aug 29 19:25:38 UTC 2012

/usr/bin/uname -p = i686
/bin/uname -X     = unknown

/bin/arch              = i686
/usr/bin/arch -k       = unknown
/usr/convex/getsysinfo = unknown
/usr/bin/hostinfo      = unknown
/bin/machine           = unknown
/usr/bin/oslevel       = unknown
/bin/universe          = unknown

PATH: /home/poopcannon/local/bin
PATH: /home/poopcannon/local/bin
PATH: /home/poopcannon/local/bin
PATH: /home/poopcannon/local/bin
PATH: /home/poopcannon/local/bin
PATH: /home/poopcannon/local/bin
PATH: /home/poopcannon/local/bin
PATH: /home/poopcannon/local/bin
PATH: /usr/lib/qt-3.3/bin
PATH: /usr/local/bin
PATH: /usr/bin
PATH: /bin
PATH: /usr/local/sbin
PATH: /usr/sbin
PATH: /home/poopcannon/.rvm/bin
PATH: /home/poopcannon/.ec2/bin
PATH: /home/poopcannon/.local/bin
PATH: /home/poopcannon/bin
PATH: /home/poopcannon/.rvm/bin
PATH: /home/poopcannon/.ec2/bin


## ----------- ##
## Core tests. ##
## ----------- ##

configure:1806: checking for a BSD-compatible install
configure:1874: result: /usr/bin/install -c
configure:1885: checking whether build environment is sane
configure:1935: result: yes
configure:2076: checking for a thread-safe mkdir -p
configure:2115: result: /usr/bin/mkdir -p
configure:2128: checking for gawk
configure:2144: found /usr/bin/gawk
configure:2155: result: gawk
configure:2166: checking whether make sets $(MAKE)
configure:2188: result: yes
configure:2327: checking for g++
configure:2343: found /usr/bin/g++
configure:2354: result: g++
configure:2381: checking for C++ compiler version
configure:2390: g++ --version >&5
g++ (GCC) 4.7.0 20120507 (Red Hat 4.7.0-5)
Copyright (C) 2012 Free Software Foundation, Inc.
This is free software; see the source for copying conditions.  There is NO
warranty; not even for MERCHANTABILITY or FITNESS FOR A PARTICULAR PURPOSE.

configure:2401: $? = 0
configure:2390: g++ -v >&5
Using built-in specs.
COLLECT_GCC=g++
COLLECT_LTO_WRAPPER=/usr/libexec/gcc/i686-redhat-linux/4.7.0/lto-wrapper
Target: i686-redhat-linux
Configured with: ../configure --prefix=/usr --mandir=/usr/share/man --infodir=/usr/share/info --with-bugurl=http://bugzilla.redhat.com/bugzilla --enable-bootstrap --enable-shared --enable-threads=posix --enable-checking=release --disable-build-with-cxx --disable-build-poststage1-with-cxx --with-system-zlib --enable-__cxa_atexit --disable-libunwind-exceptions --enable-gnu-unique-object --enable-linker-build-id --with-linker-hash-style=gnu --enable-languages=c,c++,objc,obj-c++,java,fortran,ada,go,lto --enable-plugin --enable-initfini-array --enable-java-awt=gtk --disable-dssi --with-java-home=/usr/lib/jvm/java-1.5.0-gcj-1.5.0.0/jre --enable-libgcj-multifile --enable-java-maintainer-mode --with-ecj-jar=/usr/share/java/eclipse-ecj.jar --disable-libjava-multilib --with-ppl --with-cloog --with-tune=generic --with-arch=i686 --build=i686-redhat-linux
Thread model: posix
gcc version 4.7.0 20120507 (Red Hat 4.7.0-5) (GCC) 
configure:2401: $? = 0
configure:2390: g++ -V >&5
g++: error: unrecognized command line option '-V'
g++: fatal error: no input files
compilation terminated.
configure:2401: $? = 4
configure:2390: g++ -qversion >&5
g++: error: unrecognized command line option '-qversion'
g++: fatal error: no input files
compilation terminated.
configure:2401: $? = 4
configure:2421: checking whether the C++ compiler works
configure:2443: g++    conftest.cpp  >&5
configure:2447: $? = 0
configure:2495: result: yes
configure:2498: checking for C++ compiler default output file name
configure:2500: result: a.out
configure:2506: checking for suffix of executables
configure:2513: g++ -o conftest    conftest.cpp  >&5
configure:2517: $? = 0
configure:2539: result: 
configure:2561: checking whether we are cross compiling
configure:2569: g++ -o conftest    conftest.cpp  >&5
configure:2573: $? = 0
configure:2580: ./conftest
configure:2584: $? = 0
configure:2599: result: no
configure:2604: checking for suffix of object files
configure:2626: g++ -c   conftest.cpp >&5
configure:2630: $? = 0
configure:2651: result: o
configure:2655: checking whether we are using the GNU C++ compiler
configure:2674: g++ -c   conftest.cpp >&5
configure:2674: $? = 0
configure:2683: result: yes
configure:2692: checking whether g++ accepts -g
configure:2712: g++ -c -g  conftest.cpp >&5
configure:2712: $? = 0
configure:2753: result: yes
configure:2787: checking for style of include used by make
configure:2815: result: GNU
configure:2841: checking dependency style of g++
configure:2952: result: gcc3
configure:3104: creating ./config.status

## ---------------------- ##
## Running config.status. ##
## ---------------------- ##

This file was extended by hare-and-puma config.status 0.1, which was
generated by GNU Autoconf 2.68.  Invocation command line was

  CONFIG_FILES    = 
  CONFIG_HEADERS  = 
  CONFIG_LINKS    = 
  CONFIG_COMMANDS = 
  $ ./config.status 

on poopcannon

config.status:848: creating Makefile
config.status:848: creating src/Makefile
config.status:848: creating config.h
config.status:1077: executing depfiles commands

## ---------------- ##
## Cache variables. ##
## ---------------- ##

ac_cv_cxx_compiler_gnu=yes
ac_cv_env_CCC_set=
ac_cv_env_CCC_value=
ac_cv_env_CPPFLAGS_set=
ac_cv_env_CPPFLAGS_value=
ac_cv_env_CXXFLAGS_set=
ac_cv_env_CXXFLAGS_value=
ac_cv_env_CXX_set=
ac_cv_env_CXX_value=
ac_cv_env_LDFLAGS_set=
ac_cv_env_LDFLAGS_value=
ac_cv_env_LIBS_set=
ac_cv_env_LIBS_value=
ac_cv_env_build_alias_set=
ac_cv_env_build_alias_value=
ac_cv_env_host_alias_set=
ac_cv_env_host_alias_value=
ac_cv_env_target_alias_set=
ac_cv_env_target_alias_value=
ac_cv_objext=o
ac_cv_path_install='/usr/bin/install -c'
ac_cv_path_mkdir=/usr/bin/mkdir
ac_cv_prog_AWK=gawk
ac_cv_prog_ac_ct_CXX=g++
ac_cv_prog_cxx_g=yes
ac_cv_prog_make_make_set=yes
am_cv_CXX_dependencies_compiler_type=gcc3

## ----------------- ##
## Output variables. ##
## ----------------- ##

ACLOCAL='${SHELL} /home/poopcannon/prog/hare_puma/missing --run aclocal-1.11'
AMDEPBACKSLASH='\'
AMDEP_FALSE='#'
AMDEP_TRUE=''
AMTAR='$${TAR-tar}'
AUTOCONF='${SHELL} /home/poopcannon/prog/hare_puma/missing --run autoconf'
AUTOHEADER='${SHELL} /home/poopcannon/prog/hare_puma/missing --run autoheader'
AUTOMAKE='${SHELL} /home/poopcannon/prog/hare_puma/missing --run automake-1.11'
AWK='gawk'
CPPFLAGS=''
CXX='g++'
CXXDEPMODE='depmode=gcc3'
CXXFLAGS='-g -O2'
CYGPATH_W='echo'
DEFS='-DHAVE_CONFIG_H'
DEPDIR='.deps'
ECHO_C=''
ECHO_N='-n'
ECHO_T=''
EXEEXT=''
INSTALL_DATA='${INSTALL} -m 644'
INSTALL_PROGRAM='${INSTALL}'
INSTALL_SCRIPT='${INSTALL}'
INSTALL_STRIP_PROGRAM='$(install_sh) -c -s'
LDFLAGS=''
LIBOBJS=''
LIBS=''
LTLIBOBJS=''
MAKEINFO='${SHELL} /home/poopcannon/prog/hare_puma/missing --run makeinfo'
MKDIR_P='/usr/bin/mkdir -p'
OBJEXT='o'
PACKAGE='hare-and-puma'
PACKAGE_BUGREPORT='this.is.cian@gmail.com'
PACKAGE_NAME='hare-and-puma'
PACKAGE_STRING='hare-and-puma 0.1'
PACKAGE_TARNAME='hare-and-puma'
PACKAGE_URL=''
PACKAGE_VERSION='0.1'
PATH_SEPARATOR=':'
SET_MAKE=''
SHELL='/bin/sh'
STRIP=''
VERSION='0.1'
ac_ct_CXX='g++'
am__EXEEXT_FALSE=''
am__EXEEXT_TRUE='#'
am__fastdepCXX_FALSE='#'
am__fastdepCXX_TRUE=''
am__include='include'
am__isrc=''
am__leading_dot='.'
am__nodep='_no'
am__quote=''
am__tar='$${TAR-tar} chof - "$$tardir"'
am__untar='$${TAR-tar} xf -'
bindir='${exec_prefix}/bin'
build_alias=''
datadir='${datarootdir}'
datarootdir='${prefix}/share'
docdir='${datarootdir}/doc/${PACKAGE_TARNAME}'
dvidir='${docdir}'
exec_prefix='${prefix}'
host_alias=''
htmldir='${docdir}'
includedir='${prefix}/include'
infodir='${datarootdir}/info'
install_sh='${SHELL} /home/poopcannon/prog/hare_puma/install-sh'
libdir='${exec_prefix}/lib'
libexecdir='${exec_prefix}/libexec'
localedir='${datarootdir}/locale'
localstatedir='${prefix}/var'
mandir='${datarootdir}/man'
mkdir_p='/usr/bin/mkdir -p'
oldincludedir='/usr/include'
pdfdir='${docdir}'
prefix='/usr/local'
program_transform_name='s,x,x,'
psdir='${docdir}'
sbindir='${exec_prefix}/sbin'
sharedstatedir='${prefix}/com'
sysconfdir='${prefix}/etc'
target_alias=''

## ----------- ##
## confdefs.h. ##
## ----------- ##

/* confdefs.h */
#define PACKAGE_NAME "hare-and-puma"
#define PACKAGE_TARNAME "hare-and-puma"
#define PACKAGE_VERSION "0.1"
#define PACKAGE_STRING "hare-and-puma 0.1"
#define PACKAGE_BUGREPORT "this.is.cian@gmail.com"
#define PACKAGE_URL ""
#define PACKAGE "hare-and-puma"
#define VERSION "0.1"

configure: exit 0

## ---------------------- ##
## Running config.status. ##
## ---------------------- ##

This file was extended by hare-and-puma config.status 0.1, which was
generated by GNU Autoconf 2.68.  Invocation command line was

  CONFIG_FILES    = 
  CONFIG_HEADERS  = 
  CONFIG_LINKS    = 
  CONFIG_COMMANDS = 
  $ ./config.status src/Makefile depfiles

on poopcannon

config.status:848: creating src/Makefile
config.status:1077: executing depfiles commands

## ---------------------- ##
## Running config.status. ##
## ---------------------- ##

This file was extended by hare-and-puma config.status 0.1, which was
generated by GNU Autoconf 2.68.  Invocation command line was

  CONFIG_FILES    = 
  CONFIG_HEADERS  = 
  CONFIG_LINKS    = 
  CONFIG_COMMANDS = 
  $ ./config.status src/Makefile depfiles

on poopcannon

config.status:848: creating src/Makefile
config.status:1077: executing depfiles commands

## ---------------------- ##
## Running config.status. ##
## ---------------------- ##

This file was extended by hare-and-puma config.status 0.1, which was
generated by GNU Autoconf 2.68.  Invocation command line was

  CONFIG_FILES    = 
  CONFIG_HEADERS  = 
  CONFIG_LINKS    = 
  CONFIG_COMMANDS = 
  $ ./config.status src/Makefile depfiles

on poopcannon

config.status:848: creating src/Makefile
config.status:1077: executing depfiles commands
